TN:
SF:src\app\app.ts
FNF:0
FNH:0
DA:1,1
DA:2,1
DA:3,1
DA:4,1
DA:5,1
DA:6,1
DA:11,1
DA:13,1
DA:14,1
DA:16,1
DA:17,1
DA:19,1
DA:20,1
DA:22,1
LF:14
LH:14
BRF:0
BRH:0
end_of_record
TN:
SF:src\common\AppError.ts
FN:4,(anonymous_0)
FNF:1
FNH:1
FNDA:9,(anonymous_0)
DA:1,3
DA:5,9
DA:6,9
LF:3
LH:3
BRF:0
BRH:0
end_of_record
TN:
SF:src\controllers\AuthController.ts
FN:6,(anonymous_1)
FN:8,(anonymous_2)
FN:15,(anonymous_3)
FNF:3
FNH:3
FNDA:1,(anonymous_1)
FNDA:2,(anonymous_2)
FNDA:3,(anonymous_3)
DA:2,1
DA:6,1
DA:9,2
DA:11,2
DA:12,1
DA:16,3
DA:17,3
DA:18,1
DA:22,1
LF:9
LH:9
BRF:0
BRH:0
end_of_record
TN:
SF:src\controllers\UrlController.ts
FN:11,(anonymous_1)
FN:12,(anonymous_2)
FN:27,(anonymous_3)
FN:38,(anonymous_4)
FN:49,(anonymous_5)
FNF:5
FNH:1
FNDA:1,(anonymous_1)
FNDA:0,(anonymous_2)
FNDA:0,(anonymous_3)
FNDA:0,(anonymous_4)
FNDA:0,(anonymous_5)
DA:1,1
DA:7,1
DA:11,1
DA:13,0
DA:14,0
DA:15,0
DA:17,0
DA:19,0
DA:24,0
DA:28,0
DA:29,0
DA:30,0
DA:32,0
DA:34,0
DA:35,0
DA:39,0
DA:40,0
DA:42,0
DA:43,0
DA:45,0
DA:46,0
DA:50,0
DA:51,0
DA:52,0
DA:56,1
LF:25
LH:4
BRDA:14,0,0,0
BRDA:14,0,1,0
BRDA:22,1,0,0
BRDA:22,1,1,0
BRDA:29,2,0,0
BRDA:29,2,1,0
BRDA:39,3,0,0
BRDA:39,3,1,0
BRF:8
BRH:0
end_of_record
TN:
SF:src\middlewares\authMiddleware.ts
FN:4,(anonymous_1)
FNF:1
FNH:0
FNDA:0,(anonymous_1)
DA:2,1
DA:4,1
DA:9,0
DA:10,0
DA:11,0
DA:14,0
DA:15,0
DA:16,0
DA:18,0
DA:19,0
DA:20,0
DA:22,0
DA:23,0
DA:24,0
DA:26,0
LF:15
LH:2
BRDA:10,0,0,0
BRDA:10,0,1,0
BRDA:15,1,0,0
BRDA:15,1,1,0
BRDA:19,2,0,0
BRDA:19,2,1,0
BRF:6
BRH:0
end_of_record
TN:
SF:src\middlewares\errorHandler.ts
FN:5,(anonymous_0)
FN:22,(anonymous_1)
FNF:2
FNH:2
FNDA:3,(anonymous_0)
FNDA:3,(anonymous_1)
DA:2,1
DA:3,1
DA:5,1
DA:11,3
DA:12,3
DA:16,0
DA:17,0
DA:22,1
DA:28,3
DA:32,0
DA:34,3
DA:38,0
DA:40,3
LF:13
LH:9
BRDA:11,0,0,3
BRDA:11,0,1,0
BRDA:28,1,0,0
BRDA:28,1,1,3
BRDA:29,2,0,3
BRDA:29,2,1,0
BRDA:34,3,0,0
BRDA:34,3,1,3
BRDA:35,4,0,3
BRDA:35,4,1,0
BRF:10
BRH:5
end_of_record
TN:
SF:src\middlewares\validate.ts
FN:6,(anonymous_0)
FN:10,(anonymous_1)
FNF:2
FNH:2
FNDA:6,(anonymous_0)
FNDA:7,(anonymous_1)
DA:2,1
DA:6,1
DA:10,6
DA:11,7
DA:12,7
DA:13,5
DA:14,5
DA:16,2
DA:17,2
DA:19,0
LF:10
LH:9
BRDA:8,0,0,3
BRDA:16,1,0,2
BRDA:16,1,1,0
BRDA:20,2,0,0
BRDA:20,2,1,0
BRF:5
BRH:2
end_of_record
TN:
SF:src\routes\auth.routes.ts
FNF:0
FNH:0
DA:1,1
DA:2,1
DA:3,1
DA:4,1
DA:6,1
DA:8,1
DA:13,1
DA:19,1
LF:8
LH:8
BRF:0
BRH:0
end_of_record
TN:
SF:src\routes\url.routes.ts
FNF:0
FNH:0
DA:1,1
DA:2,1
DA:3,1
DA:4,1
DA:5,1
DA:11,1
DA:13,1
DA:15,1
DA:22,1
DA:29,1
DA:36,1
DA:43,1
LF:12
LH:12
BRF:0
BRH:0
end_of_record
TN:
SF:src\schemas\auth.schema.ts
FNF:0
FNH:0
DA:1,1
DA:3,1
DA:15,1
LF:3
LH:3
BRF:0
BRH:0
end_of_record
TN:
SF:src\schemas\url.schema.ts
FNF:0
FNH:0
DA:1,1
DA:3,1
DA:8,1
DA:12,1
DA:16,1
LF:5
LH:5
BRF:0
BRH:0
end_of_record
TN:
SF:src\services\AuthService.ts
FN:8,(anonymous_1)
FN:32,(anonymous_2)
FNF:2
FNH:2
FNDA:4,(anonymous_1)
FNDA:6,(anonymous_2)
DA:1,2
DA:2,2
DA:4,2
DA:5,2
DA:7,2
DA:9,4
DA:13,4
DA:14,2
DA:17,2
DA:19,2
DA:26,2
DA:33,6
DA:42,6
DA:43,2
DA:45,4
DA:46,4
DA:47,2
DA:49,2
DA:50,0
DA:52,2
DA:55,2
LF:21
LH:20
BRDA:13,0,0,2
BRDA:13,0,1,2
BRDA:42,1,0,2
BRDA:42,1,1,4
BRDA:46,2,0,2
BRDA:46,2,1,2
BRDA:49,3,0,0
BRDA:49,3,1,2
BRF:8
BRH:7
end_of_record
TN:
SF:src\services\UrlService.ts
FN:8,(anonymous_0)
FN:33,(anonymous_1)
FN:41,(anonymous_2)
FN:50,(anonymous_3)
FNF:4
FNH:4
FNDA:2,(anonymous_0)
FNDA:2,(anonymous_1)
FNDA:1,(anonymous_2)
FNDA:3,(anonymous_3)
DA:1,2
DA:2,2
DA:3,2
DA:5,2
DA:7,2
DA:9,2
DA:10,3
DA:11,3
DA:12,3
DA:15,2
DA:17,1
DA:22,1
DA:24,0
DA:27,0
DA:34,2
DA:35,2
DA:36,1
DA:38,1
DA:42,1
DA:48,1
DA:51,3
DA:54,3
DA:55,1
DA:58,2
DA:60,2
DA:61,1
DA:64,1
DA:67,1
DA:71,1
LF:29
LH:27
BRDA:17,0,0,1
BRDA:17,0,1,0
BRDA:18,1,0,1
BRDA:18,1,1,1
BRDA:35,2,0,1
BRDA:35,2,1,1
BRDA:41,3,0,1
BRDA:41,4,0,1
BRDA:54,5,0,1
BRDA:54,5,1,2
BRDA:58,6,0,2
BRDA:58,6,1,1
BRDA:60,7,0,1
BRDA:60,7,1,1
BRF:14
BRH:13
end_of_record
TN:
SF:src\tests\factories\UrlFactory.ts
FNF:0
FNH:0
DA:3,1
DA:13,1
DA:23,1
DA:33,1
LF:4
LH:4
BRF:0
BRH:0
end_of_record
TN:
SF:src\tests\factories\UserFactory.ts
FNF:0
FNH:0
DA:3,1
DA:9,1
DA:16,1
LF:3
LH:3
BRF:0
BRH:0
end_of_record
TN:
SF:src\utils\rateLimit.ts
FNF:0
FNH:0
DA:1,1
DA:3,1
DA:9,1
LF:3
LH:3
BRF:0
BRH:0
end_of_record
